{"/Users/aleksey/devel/cprf/cprf.js":{"path":"/Users/aleksey/devel/cprf/cprf.js","s":{"1":1,"2":1,"3":1,"4":1,"5":1,"6":19,"7":19,"8":0,"9":19,"10":6,"11":6,"12":0,"13":6,"14":6,"15":0,"16":6,"17":18,"18":13,"19":2,"20":2,"21":0,"22":2,"23":2,"24":11,"25":11,"26":0,"27":11,"28":1,"29":6,"30":6,"31":1,"32":11,"33":11,"34":11,"35":11,"36":11,"37":11,"38":11,"39":1,"40":11,"41":0,"42":11,"43":11},"b":{"1":[0,19],"2":[6,13],"3":[0,6],"4":[0,6],"5":[2,11],"6":[0,2],"7":[0,11],"8":[0,6],"9":[0,11]},"f":{"1":19,"2":19,"3":6,"4":6,"5":18,"6":2,"7":2,"8":11,"9":6,"10":6,"11":11,"12":11},"fnMap":{"1":{"name":"copy","line":7,"loc":{"start":{"line":7,"column":0},"end":{"line":7,"column":32}}},"2":{"name":"(anonymous_2)","line":8,"loc":{"start":{"line":8,"column":16},"end":{"line":8,"column":38}}},"3":{"name":"(anonymous_3)","line":12,"loc":{"start":{"line":12,"column":25},"end":{"line":12,"column":40}}},"4":{"name":"(anonymous_4)","line":14,"loc":{"start":{"line":14,"column":31},"end":{"line":14,"column":53}}},"5":{"name":"(anonymous_5)","line":16,"loc":{"start":{"line":16,"column":28},"end":{"line":16,"column":50}}},"6":{"name":"(anonymous_6)","line":24,"loc":{"start":{"line":24,"column":30},"end":{"line":24,"column":51}}},"7":{"name":"(anonymous_7)","line":26,"loc":{"start":{"line":26,"column":31},"end":{"line":26,"column":46}}},"8":{"name":"(anonymous_8)","line":32,"loc":{"start":{"line":32,"column":24},"end":{"line":32,"column":39}}},"9":{"name":"mkdir","line":40,"loc":{"start":{"line":40,"column":0},"end":{"line":40,"column":27}}},"10":{"name":"(anonymous_10)","line":41,"loc":{"start":{"line":41,"column":17},"end":{"line":41,"column":35}}},"11":{"name":"copyFile","line":46,"loc":{"start":{"line":46,"column":0},"end":{"line":46,"column":36}}},"12":{"name":"finish","line":58,"loc":{"start":{"line":58,"column":2},"end":{"line":58,"column":24}}}},"statementMap":{"1":{"start":{"line":1,"column":0},"end":{"line":1,"column":32}},"2":{"start":{"line":2,"column":0},"end":{"line":2,"column":27}},"3":{"start":{"line":3,"column":0},"end":{"line":3,"column":29}},"4":{"start":{"line":5,"column":0},"end":{"line":5,"column":22}},"5":{"start":{"line":7,"column":0},"end":{"line":38,"column":1}},"6":{"start":{"line":8,"column":2},"end":{"line":37,"column":5}},"7":{"start":{"line":9,"column":4},"end":{"line":9,"column":41}},"8":{"start":{"line":9,"column":13},"end":{"line":9,"column":41}},"9":{"start":{"line":11,"column":4},"end":{"line":21,"column":5}},"10":{"start":{"line":12,"column":6},"end":{"line":20,"column":9}},"11":{"start":{"line":13,"column":8},"end":{"line":13,"column":45}},"12":{"start":{"line":13,"column":17},"end":{"line":13,"column":45}},"13":{"start":{"line":14,"column":8},"end":{"line":19,"column":11}},"14":{"start":{"line":15,"column":10},"end":{"line":15,"column":47}},"15":{"start":{"line":15,"column":19},"end":{"line":15,"column":47}},"16":{"start":{"line":16,"column":10},"end":{"line":18,"column":19}},"17":{"start":{"line":17,"column":12},"end":{"line":17,"column":68}},"18":{"start":{"line":23,"column":4},"end":{"line":30,"column":5}},"19":{"start":{"line":24,"column":6},"end":{"line":29,"column":9}},"20":{"start":{"line":25,"column":8},"end":{"line":25,"column":45}},"21":{"start":{"line":25,"column":17},"end":{"line":25,"column":45}},"22":{"start":{"line":26,"column":8},"end":{"line":28,"column":11}},"23":{"start":{"line":27,"column":10},"end":{"line":27,"column":17}},"24":{"start":{"line":32,"column":4},"end":{"line":35,"column":7}},"25":{"start":{"line":33,"column":6},"end":{"line":33,"column":32}},"26":{"start":{"line":33,"column":15},"end":{"line":33,"column":32}},"27":{"start":{"line":34,"column":6},"end":{"line":34,"column":39}},"28":{"start":{"line":40,"column":0},"end":{"line":44,"column":1}},"29":{"start":{"line":41,"column":2},"end":{"line":43,"column":5}},"30":{"start":{"line":42,"column":4},"end":{"line":42,"column":49}},"31":{"start":{"line":46,"column":0},"end":{"line":63,"column":1}},"32":{"start":{"line":47,"column":2},"end":{"line":47,"column":25}},"33":{"start":{"line":49,"column":2},"end":{"line":49,"column":37}},"34":{"start":{"line":50,"column":2},"end":{"line":50,"column":26}},"35":{"start":{"line":52,"column":2},"end":{"line":52,"column":40}},"36":{"start":{"line":53,"column":2},"end":{"line":53,"column":27}},"37":{"start":{"line":54,"column":2},"end":{"line":54,"column":27}},"38":{"start":{"line":56,"column":2},"end":{"line":56,"column":17}},"39":{"start":{"line":58,"column":2},"end":{"line":62,"column":3}},"40":{"start":{"line":59,"column":4},"end":{"line":59,"column":27}},"41":{"start":{"line":59,"column":20},"end":{"line":59,"column":27}},"42":{"start":{"line":60,"column":4},"end":{"line":60,"column":22}},"43":{"start":{"line":61,"column":4},"end":{"line":61,"column":14}}},"branchMap":{"1":{"line":9,"type":"if","locations":[{"start":{"line":9,"column":4},"end":{"line":9,"column":4}},{"start":{"line":9,"column":4},"end":{"line":9,"column":4}}]},"2":{"line":11,"type":"if","locations":[{"start":{"line":11,"column":4},"end":{"line":11,"column":4}},{"start":{"line":11,"column":4},"end":{"line":11,"column":4}}]},"3":{"line":13,"type":"if","locations":[{"start":{"line":13,"column":8},"end":{"line":13,"column":8}},{"start":{"line":13,"column":8},"end":{"line":13,"column":8}}]},"4":{"line":15,"type":"if","locations":[{"start":{"line":15,"column":10},"end":{"line":15,"column":10}},{"start":{"line":15,"column":10},"end":{"line":15,"column":10}}]},"5":{"line":23,"type":"if","locations":[{"start":{"line":23,"column":4},"end":{"line":23,"column":4}},{"start":{"line":23,"column":4},"end":{"line":23,"column":4}}]},"6":{"line":25,"type":"if","locations":[{"start":{"line":25,"column":8},"end":{"line":25,"column":8}},{"start":{"line":25,"column":8},"end":{"line":25,"column":8}}]},"7":{"line":33,"type":"if","locations":[{"start":{"line":33,"column":6},"end":{"line":33,"column":6}},{"start":{"line":33,"column":6},"end":{"line":33,"column":6}}]},"8":{"line":42,"type":"cond-expr","locations":[{"start":{"line":42,"column":20},"end":{"line":42,"column":26}},{"start":{"line":42,"column":29},"end":{"line":42,"column":48}}]},"9":{"line":59,"type":"if","locations":[{"start":{"line":59,"column":4},"end":{"line":59,"column":4}},{"start":{"line":59,"column":4},"end":{"line":59,"column":4}}]}}}}